2020-06-28 00:46:55.616  INFO 39115 --- [SpringContextShutdownHook] o.s.s.concurrent.ThreadPoolTaskExecutor  : Shutting down ExecutorService 'applicationTaskExecutor'
2020-06-28 00:48:28.929  INFO 40835 --- [main] c.e.o.ObservabilityApplication           : Starting ObservabilityApplication on Smits-MacBook-Pro.local with PID 40835 (/Users/Smit/Downloads/chrome/observability/target/classes started by Smit in /Users/Smit/Downloads/chrome/observability)
2020-06-28 00:48:28.980  INFO 40835 --- [main] c.e.o.ObservabilityApplication           : No active profile set, falling back to default profiles: default
2020-06-28 00:48:52.142  INFO 40835 --- [main] o.s.b.w.embedded.tomcat.TomcatWebServer  : Tomcat initialized with port(s): 8080 (http)
2020-06-28 00:48:52.360  INFO 40835 --- [main] o.apache.catalina.core.StandardService   : Starting service [Tomcat]
2020-06-28 00:48:52.362  INFO 40835 --- [main] org.apache.catalina.core.StandardEngine  : Starting Servlet engine: [Apache Tomcat/9.0.36]
2020-06-28 00:48:54.063  INFO 40835 --- [main] o.a.c.c.C.[Tomcat].[localhost].[/]       : Initializing Spring embedded WebApplicationContext
2020-06-28 00:48:54.065  INFO 40835 --- [main] w.s.c.ServletWebServerApplicationContext : Root WebApplicationContext: initialization completed in 24049 ms
2020-06-28 00:49:00.008  INFO 40835 --- [main] o.s.s.concurrent.ThreadPoolTaskExecutor  : Initializing ExecutorService 'applicationTaskExecutor'
2020-06-28 00:49:04.347  INFO 40835 --- [main] o.s.b.w.embedded.tomcat.TomcatWebServer  : Tomcat started on port(s): 8080 (http) with context path ''
2020-06-28 00:49:04.666  INFO 40835 --- [main] c.e.o.ObservabilityApplication           : Started ObservabilityApplication in 47.356 seconds (JVM running for 62.67)
2020-06-28 00:55:49.970  INFO 40835 --- [http-nio-8080-exec-1] o.a.c.c.C.[Tomcat].[localhost].[/]       : Initializing Spring DispatcherServlet 'dispatcherServlet'
2020-06-28 00:55:49.971  INFO 40835 --- [http-nio-8080-exec-1] o.s.web.servlet.DispatcherServlet        : Initializing Servlet 'dispatcherServlet'
2020-06-28 00:55:49.981  INFO 40835 --- [http-nio-8080-exec-1] o.s.web.servlet.DispatcherServlet        : Completed initialization in 10 ms
2020-06-28 00:55:50.017  INFO 40835 --- [http-nio-8080-exec-1] c.e.observability.aop.LoggingAdvice      : Method Invoked getGreeting in class class com.example.observability.controller.HomeController with args [pubg]
2020-06-28 00:55:50.032  INFO 40835 --- [http-nio-8080-exec-1] c.e.observability.aop.LoggingAdvice      : Method Invoked getGreeting in class class com.example.observability.service.GreetingService with args [pubg]
2020-06-28 00:55:50.039  INFO 40835 --- [http-nio-8080-exec-1] c.e.observability.aop.LoggingAdvice      : Method getGreeting return Hello pubg
2020-06-28 00:55:50.039  INFO 40835 --- [http-nio-8080-exec-1] c.e.observability.aop.LoggingAdvice      : Method getGreeting return Hello pubg
2020-06-28 01:25:38.444  INFO 40835 --- [SpringContextShutdownHook] o.s.s.concurrent.ThreadPoolTaskExecutor  : Shutting down ExecutorService 'applicationTaskExecutor'
2020-06-28 01:25:40.440  INFO 41266 --- [main] c.e.o.ObservabilityApplication           : Starting ObservabilityApplication on Smits-MacBook-Pro.local with PID 41266 (/Users/Smit/Downloads/chrome/observability/target/classes started by Smit in /Users/Smit/Downloads/chrome/observability)
2020-06-28 01:25:40.443  INFO 41266 --- [main] c.e.o.ObservabilityApplication           : No active profile set, falling back to default profiles: default
2020-06-28 01:25:41.820  INFO 41266 --- [main] o.s.b.w.embedded.tomcat.TomcatWebServer  : Tomcat initialized with port(s): 8080 (http)
2020-06-28 01:25:41.833  INFO 41266 --- [main] o.apache.catalina.core.StandardService   : Starting service [Tomcat]
2020-06-28 01:25:41.833  INFO 41266 --- [main] org.apache.catalina.core.StandardEngine  : Starting Servlet engine: [Apache Tomcat/9.0.36]
2020-06-28 01:25:41.917  INFO 41266 --- [main] o.a.c.c.C.[Tomcat].[localhost].[/]       : Initializing Spring embedded WebApplicationContext
2020-06-28 01:25:41.917  INFO 41266 --- [main] w.s.c.ServletWebServerApplicationContext : Root WebApplicationContext: initialization completed in 1350 ms
2020-06-28 01:25:42.220  INFO 41266 --- [main] o.s.s.concurrent.ThreadPoolTaskExecutor  : Initializing ExecutorService 'applicationTaskExecutor'
2020-06-28 01:25:42.416  INFO 41266 --- [main] o.s.b.w.embedded.tomcat.TomcatWebServer  : Tomcat started on port(s): 8080 (http) with context path ''
2020-06-28 01:25:42.431  INFO 41266 --- [main] c.e.o.ObservabilityApplication           : Started ObservabilityApplication in 2.528 seconds (JVM running for 2.938)
2020-06-28 01:30:45.161  INFO 41266 --- [http-nio-8080-exec-1] o.a.c.c.C.[Tomcat].[localhost].[/]       : Initializing Spring DispatcherServlet 'dispatcherServlet'
2020-06-28 01:30:45.162  INFO 41266 --- [http-nio-8080-exec-1] o.s.web.servlet.DispatcherServlet        : Initializing Servlet 'dispatcherServlet'
2020-06-28 01:30:45.173  INFO 41266 --- [http-nio-8080-exec-1] o.s.web.servlet.DispatcherServlet        : Completed initialization in 11 ms
2020-06-28 01:30:45.211  INFO 41266 --- [http-nio-8080-exec-1] c.e.observability.aop.LoggingAdvice      : Method Invoked getGreeting in class class com.example.observability.controller.HomeController with args [pubg]
2020-06-28 01:30:45.224  INFO 41266 --- [http-nio-8080-exec-1] c.e.observability.aop.LoggingAdvice      : Method Invoked getGreeting in class class com.example.observability.service.GreetingService with args [pubg]
2020-06-28 01:30:45.233  INFO 41266 --- [http-nio-8080-exec-1] c.e.observability.aop.LoggingAdvice      : Method getGreeting return Hello pubg
2020-06-28 01:30:45.234  INFO 41266 --- [http-nio-8080-exec-1] c.e.observability.aop.LoggingAdvice      : Method getGreeting return Hello pubg
2020-06-28 01:30:45.333  INFO 41266 --- [http-nio-8080-exec-2] c.e.observability.aop.LoggingAdvice      : Method Invoked getGreeting in class class com.example.observability.controller.HomeController with args [pubg]
2020-06-28 01:30:45.333  INFO 41266 --- [http-nio-8080-exec-2] c.e.observability.aop.LoggingAdvice      : Method Invoked getGreeting in class class com.example.observability.service.GreetingService with args [pubg]
2020-06-28 01:30:45.333  INFO 41266 --- [http-nio-8080-exec-2] c.e.observability.aop.LoggingAdvice      : Method getGreeting return Hello pubg
2020-06-28 01:30:45.333  INFO 41266 --- [http-nio-8080-exec-2] c.e.observability.aop.LoggingAdvice      : Method getGreeting return Hello pubg
2020-06-28 01:30:45.511  INFO 41266 --- [http-nio-8080-exec-3] c.e.observability.aop.LoggingAdvice      : Method Invoked getGreeting in class class com.example.observability.controller.HomeController with args [pubg]
2020-06-28 01:30:45.511  INFO 41266 --- [http-nio-8080-exec-3] c.e.observability.aop.LoggingAdvice      : Method Invoked getGreeting in class class com.example.observability.service.GreetingService with args [pubg]
2020-06-28 01:30:45.511  INFO 41266 --- [http-nio-8080-exec-3] c.e.observability.aop.LoggingAdvice      : Method getGreeting return Hello pubg
2020-06-28 01:30:45.511  INFO 41266 --- [http-nio-8080-exec-3] c.e.observability.aop.LoggingAdvice      : Method getGreeting return Hello pubg
2020-06-28 01:30:45.686  INFO 41266 --- [http-nio-8080-exec-4] c.e.observability.aop.LoggingAdvice      : Method Invoked getGreeting in class class com.example.observability.controller.HomeController with args [pubg]
2020-06-28 01:30:45.686  INFO 41266 --- [http-nio-8080-exec-4] c.e.observability.aop.LoggingAdvice      : Method Invoked getGreeting in class class com.example.observability.service.GreetingService with args [pubg]
2020-06-28 01:30:45.686  INFO 41266 --- [http-nio-8080-exec-4] c.e.observability.aop.LoggingAdvice      : Method getGreeting return Hello pubg
2020-06-28 01:30:45.686  INFO 41266 --- [http-nio-8080-exec-4] c.e.observability.aop.LoggingAdvice      : Method getGreeting return Hello pubg
2020-06-28 01:30:45.863  INFO 41266 --- [http-nio-8080-exec-5] c.e.observability.aop.LoggingAdvice      : Method Invoked getGreeting in class class com.example.observability.controller.HomeController with args [pubg]
2020-06-28 01:30:45.863  INFO 41266 --- [http-nio-8080-exec-5] c.e.observability.aop.LoggingAdvice      : Method Invoked getGreeting in class class com.example.observability.service.GreetingService with args [pubg]
2020-06-28 01:30:45.863  INFO 41266 --- [http-nio-8080-exec-5] c.e.observability.aop.LoggingAdvice      : Method getGreeting return Hello pubg
2020-06-28 01:30:45.863  INFO 41266 --- [http-nio-8080-exec-5] c.e.observability.aop.LoggingAdvice      : Method getGreeting return Hello pubg
2020-06-28 01:30:50.017  INFO 41266 --- [http-nio-8080-exec-6] c.e.observability.aop.LoggingAdvice      : Method Invoked getGreeting in class class com.example.observability.controller.HomeController with args [godknows]
2020-06-28 01:30:50.017  INFO 41266 --- [http-nio-8080-exec-6] c.e.observability.aop.LoggingAdvice      : Method Invoked getGreeting in class class com.example.observability.service.GreetingService with args [godknows]
2020-06-28 01:30:50.017  INFO 41266 --- [http-nio-8080-exec-6] c.e.observability.aop.LoggingAdvice      : Method getGreeting return Hello godknows
2020-06-28 01:30:50.018  INFO 41266 --- [http-nio-8080-exec-6] c.e.observability.aop.LoggingAdvice      : Method getGreeting return Hello godknows
2020-06-28 01:30:51.665  INFO 41266 --- [http-nio-8080-exec-7] c.e.observability.aop.LoggingAdvice      : Method Invoked getGreeting in class class com.example.observability.controller.HomeController with args [tms]
2020-06-28 01:30:51.665  INFO 41266 --- [http-nio-8080-exec-7] c.e.observability.aop.LoggingAdvice      : Method Invoked getGreeting in class class com.example.observability.service.GreetingService with args [tms]
2020-06-28 01:30:51.666  INFO 41266 --- [http-nio-8080-exec-7] c.e.observability.aop.LoggingAdvice      : Method getGreeting return Hello tms
2020-06-28 01:30:51.666  INFO 41266 --- [http-nio-8080-exec-7] c.e.observability.aop.LoggingAdvice      : Method getGreeting return Hello tms
2020-06-28 02:35:53.541  INFO 41266 --- [SpringContextShutdownHook] o.s.s.concurrent.ThreadPoolTaskExecutor  : Shutting down ExecutorService 'applicationTaskExecutor'
2020-06-28 02:35:55.843  INFO 42045 --- [main] c.e.o.ObservabilityApplication           : Starting ObservabilityApplication on Smits-MacBook-Pro.local with PID 42045 (/Users/Smit/Downloads/chrome/observability/target/classes started by Smit in /Users/Smit/Downloads/chrome/observability)
2020-06-28 02:35:55.846  INFO 42045 --- [main] c.e.o.ObservabilityApplication           : No active profile set, falling back to default profiles: default
2020-06-28 02:35:57.430  INFO 42045 --- [main] o.s.b.w.embedded.tomcat.TomcatWebServer  : Tomcat initialized with port(s): 8080 (http)
2020-06-28 02:35:57.445  INFO 42045 --- [main] o.apache.catalina.core.StandardService   : Starting service [Tomcat]
2020-06-28 02:35:57.445  INFO 42045 --- [main] org.apache.catalina.core.StandardEngine  : Starting Servlet engine: [Apache Tomcat/9.0.36]
2020-06-28 02:35:57.532  INFO 42045 --- [main] o.a.c.c.C.[Tomcat].[localhost].[/]       : Initializing Spring embedded WebApplicationContext
2020-06-28 02:35:57.533  INFO 42045 --- [main] w.s.c.ServletWebServerApplicationContext : Root WebApplicationContext: initialization completed in 1615 ms
2020-06-28 02:35:57.874  INFO 42045 --- [main] o.s.s.concurrent.ThreadPoolTaskExecutor  : Initializing ExecutorService 'applicationTaskExecutor'
2020-06-28 02:35:58.105  INFO 42045 --- [main] o.s.b.w.embedded.tomcat.TomcatWebServer  : Tomcat started on port(s): 8080 (http) with context path ''
2020-06-28 02:35:58.120  INFO 42045 --- [main] c.e.o.ObservabilityApplication           : Started ObservabilityApplication in 2.923 seconds (JVM running for 3.416)
2020-06-28 02:36:17.587  INFO 42045 --- [http-nio-8080-exec-1] o.a.c.c.C.[Tomcat].[localhost].[/]       : Initializing Spring DispatcherServlet 'dispatcherServlet'
2020-06-28 02:36:17.588  INFO 42045 --- [http-nio-8080-exec-1] o.s.web.servlet.DispatcherServlet        : Initializing Servlet 'dispatcherServlet'
2020-06-28 02:36:17.599  INFO 42045 --- [http-nio-8080-exec-1] o.s.web.servlet.DispatcherServlet        : Completed initialization in 11 ms
2020-06-28 02:36:17.634  INFO 42045 --- [http-nio-8080-exec-1] c.e.observability.aop.LoggingAdvice      : Method Invoked getGreeting in class class com.example.observability.controller.HomeController with args [grok]
2020-06-28 02:36:17.648  INFO 42045 --- [http-nio-8080-exec-1] c.e.observability.aop.LoggingAdvice      : Method Invoked getGreeting in class class com.example.observability.service.GreetingService with args [grok]
2020-06-28 02:36:17.655  INFO 42045 --- [http-nio-8080-exec-1] c.e.observability.aop.LoggingAdvice      : Method getGreeting return Hello grok
2020-06-28 02:36:17.655  INFO 42045 --- [http-nio-8080-exec-1] c.e.observability.aop.LoggingAdvice      : Method getGreeting return Hello grok
2020-06-28 02:36:26.089  INFO 42045 --- [http-nio-8080-exec-2] c.e.observability.aop.LoggingAdvice      : Method Invoked getGreeting in class class com.example.observability.controller.HomeController with args [mitch]
2020-06-28 02:36:26.090  INFO 42045 --- [http-nio-8080-exec-2] c.e.observability.aop.LoggingAdvice      : Method Invoked getGreeting in class class com.example.observability.service.GreetingService with args [mitch]
2020-06-28 02:36:26.090  INFO 42045 --- [http-nio-8080-exec-2] c.e.observability.aop.LoggingAdvice      : Method getGreeting return Hello mitch
2020-06-28 02:36:26.090  INFO 42045 --- [http-nio-8080-exec-2] c.e.observability.aop.LoggingAdvice      : Method getGreeting return Hello mitch
2020-06-28 02:36:28.273  INFO 42045 --- [http-nio-8080-exec-4] c.e.observability.aop.LoggingAdvice      : Method Invoked getGreeting in class class com.example.observability.controller.HomeController with args [test]
2020-06-28 02:36:28.273  INFO 42045 --- [http-nio-8080-exec-4] c.e.observability.aop.LoggingAdvice      : Method Invoked getGreeting in class class com.example.observability.service.GreetingService with args [test]
2020-06-28 02:36:28.273  INFO 42045 --- [http-nio-8080-exec-4] c.e.observability.aop.LoggingAdvice      : Method getGreeting return Hello test
2020-06-28 02:36:28.273  INFO 42045 --- [http-nio-8080-exec-4] c.e.observability.aop.LoggingAdvice      : Method getGreeting return Hello test
2020-06-28 02:36:30.014  INFO 42045 --- [http-nio-8080-exec-5] c.e.observability.aop.LoggingAdvice      : Method Invoked getGreeting in class class com.example.observability.controller.HomeController with args [test1]
2020-06-28 02:36:30.015  INFO 42045 --- [http-nio-8080-exec-5] c.e.observability.aop.LoggingAdvice      : Method Invoked getGreeting in class class com.example.observability.service.GreetingService with args [test1]
2020-06-28 02:36:30.015  INFO 42045 --- [http-nio-8080-exec-5] c.e.observability.aop.LoggingAdvice      : Method getGreeting return Hello test1
2020-06-28 02:36:30.015  INFO 42045 --- [http-nio-8080-exec-5] c.e.observability.aop.LoggingAdvice      : Method getGreeting return Hello test1
2020-06-28 02:36:31.725  INFO 42045 --- [http-nio-8080-exec-6] c.e.observability.aop.LoggingAdvice      : Method Invoked getGreeting in class class com.example.observability.controller.HomeController with args [test2]
2020-06-28 02:36:31.726  INFO 42045 --- [http-nio-8080-exec-6] c.e.observability.aop.LoggingAdvice      : Method Invoked getGreeting in class class com.example.observability.service.GreetingService with args [test2]
2020-06-28 02:36:31.726  INFO 42045 --- [http-nio-8080-exec-6] c.e.observability.aop.LoggingAdvice      : Method getGreeting return Hello test2
2020-06-28 02:36:31.726  INFO 42045 --- [http-nio-8080-exec-6] c.e.observability.aop.LoggingAdvice      : Method getGreeting return Hello test2
2020-06-28 12:44:46.586  INFO 42045 --- [SpringContextShutdownHook] o.s.s.concurrent.ThreadPoolTaskExecutor  : Shutting down ExecutorService 'applicationTaskExecutor'
2020-06-28 14:19:36.483  INFO 44374 --- [main] c.e.o.ObservabilityApplication           : Starting ObservabilityApplication on Smits-MacBook-Pro.local with PID 44374 (/Users/Smit/Downloads/chrome/observability/target/classes started by Smit in /Users/Smit/Downloads/chrome/observability)
2020-06-28 14:19:36.521  INFO 44374 --- [main] c.e.o.ObservabilityApplication           : No active profile set, falling back to default profiles: default
2020-06-28 14:20:24.859  INFO 44374 --- [main] o.s.b.w.embedded.tomcat.TomcatWebServer  : Tomcat initialized with port(s): 8080 (http)
2020-06-28 14:20:25.309  INFO 44374 --- [main] o.apache.catalina.core.StandardService   : Starting service [Tomcat]
2020-06-28 14:20:25.325  INFO 44374 --- [main] org.apache.catalina.core.StandardEngine  : Starting Servlet engine: [Apache Tomcat/9.0.36]
2020-06-28 14:20:27.762  INFO 44374 --- [main] o.a.c.c.C.[Tomcat].[localhost].[/]       : Initializing Spring embedded WebApplicationContext
2020-06-28 14:20:27.764  INFO 44374 --- [main] w.s.c.ServletWebServerApplicationContext : Root WebApplicationContext: initialization completed in 49222 ms
2020-06-28 14:20:38.385  INFO 44374 --- [main] o.s.s.concurrent.ThreadPoolTaskExecutor  : Initializing ExecutorService 'applicationTaskExecutor'
2020-06-28 14:20:46.029  INFO 44374 --- [main] o.s.b.w.embedded.tomcat.TomcatWebServer  : Tomcat started on port(s): 8080 (http) with context path ''
2020-06-28 14:20:46.382  INFO 44374 --- [main] c.e.o.ObservabilityApplication           : Started ObservabilityApplication in 84.923 seconds (JVM running for 101.475)
2020-06-28 14:32:40.051  INFO 44374 --- [http-nio-8080-exec-1] o.a.c.c.C.[Tomcat].[localhost].[/]       : Initializing Spring DispatcherServlet 'dispatcherServlet'
2020-06-28 14:32:40.053  INFO 44374 --- [http-nio-8080-exec-1] o.s.web.servlet.DispatcherServlet        : Initializing Servlet 'dispatcherServlet'
2020-06-28 14:32:40.072  INFO 44374 --- [http-nio-8080-exec-1] o.s.web.servlet.DispatcherServlet        : Completed initialization in 19 ms
2020-06-28 14:32:45.285  INFO 44374 --- [http-nio-8080-exec-2] c.e.observability.aop.LoggingAdvice      : Method Invoked getGreeting in class class com.example.observability.controller.HomeController with args [preeti]
2020-06-28 14:32:45.306  INFO 44374 --- [http-nio-8080-exec-2] c.e.observability.aop.LoggingAdvice      : Method Invoked getGreeting in class class com.example.observability.service.GreetingService with args [preeti]
2020-06-28 14:32:45.318  INFO 44374 --- [http-nio-8080-exec-2] c.e.observability.aop.LoggingAdvice      : Method getGreeting return Hello preeti
2020-06-28 14:32:45.318  INFO 44374 --- [http-nio-8080-exec-2] c.e.observability.aop.LoggingAdvice      : Method getGreeting return Hello preeti
2020-06-28 14:32:48.535  INFO 44374 --- [http-nio-8080-exec-3] c.e.observability.aop.LoggingAdvice      : Method Invoked getGreeting in class class com.example.observability.controller.HomeController with args [f]
2020-06-28 14:32:48.535  INFO 44374 --- [http-nio-8080-exec-3] c.e.observability.aop.LoggingAdvice      : Method Invoked getGreeting in class class com.example.observability.service.GreetingService with args [f]
2020-06-28 14:32:48.536  INFO 44374 --- [http-nio-8080-exec-3] c.e.observability.aop.LoggingAdvice      : Method getGreeting return Hello f
2020-06-28 14:32:48.536  INFO 44374 --- [http-nio-8080-exec-3] c.e.observability.aop.LoggingAdvice      : Method getGreeting return Hello f
2020-06-28 14:32:51.783  INFO 44374 --- [http-nio-8080-exec-4] c.e.observability.aop.LoggingAdvice      : Method Invoked getGreeting in class class com.example.observability.controller.HomeController with args [test3]
2020-06-28 14:32:51.783  INFO 44374 --- [http-nio-8080-exec-4] c.e.observability.aop.LoggingAdvice      : Method Invoked getGreeting in class class com.example.observability.service.GreetingService with args [test3]
2020-06-28 14:32:51.783  INFO 44374 --- [http-nio-8080-exec-4] c.e.observability.aop.LoggingAdvice      : Method getGreeting return Hello test3
2020-06-28 14:32:51.784  INFO 44374 --- [http-nio-8080-exec-4] c.e.observability.aop.LoggingAdvice      : Method getGreeting return Hello test3
2020-06-28 14:32:53.453  INFO 44374 --- [http-nio-8080-exec-6] c.e.observability.aop.LoggingAdvice      : Method Invoked getGreeting in class class com.example.observability.controller.HomeController with args [test4]
2020-06-28 14:32:53.454  INFO 44374 --- [http-nio-8080-exec-6] c.e.observability.aop.LoggingAdvice      : Method Invoked getGreeting in class class com.example.observability.service.GreetingService with args [test4]
2020-06-28 14:32:53.455  INFO 44374 --- [http-nio-8080-exec-6] c.e.observability.aop.LoggingAdvice      : Method getGreeting return Hello test4
2020-06-28 14:32:53.455  INFO 44374 --- [http-nio-8080-exec-6] c.e.observability.aop.LoggingAdvice      : Method getGreeting return Hello test4
2020-06-28 14:32:55.382  INFO 44374 --- [http-nio-8080-exec-7] c.e.observability.aop.LoggingAdvice      : Method Invoked getGreeting in class class com.example.observability.controller.HomeController with args [test5]
2020-06-28 14:32:55.382  INFO 44374 --- [http-nio-8080-exec-7] c.e.observability.aop.LoggingAdvice      : Method Invoked getGreeting in class class com.example.observability.service.GreetingService with args [test5]
2020-06-28 14:32:55.382  INFO 44374 --- [http-nio-8080-exec-7] c.e.observability.aop.LoggingAdvice      : Method getGreeting return Hello test5
2020-06-28 14:32:55.383  INFO 44374 --- [http-nio-8080-exec-7] c.e.observability.aop.LoggingAdvice      : Method getGreeting return Hello test5
2020-06-28 22:41:58.786  INFO 44374 --- [SpringContextShutdownHook] o.s.s.concurrent.ThreadPoolTaskExecutor  : Shutting down ExecutorService 'applicationTaskExecutor'
